<?xml version="1.0" encoding="UTF-8"?>
<robot generator="Robot 7.3.2 (Python 3.11.3 on win32)" generated="2025-07-29T12:45:46.548952" rpa="false" schemaversion="5">
<suite id="s1" name="Test" source="C:\Users\velykodna.kseniia\Desktop\test-project\demo\test.robot">
<test id="s1-t1" name="Open Localhost Web App" line="16">
<kw name="Open Browser" owner="SeleniumLibrary">
<msg time="2025-07-29T12:45:47.048468" level="INFO">Opening browser 'chrome' to base url 'http://localhost:8080/sk/'.</msg>
<arg>${URL}</arg>
<arg>chrome</arg>
<doc>Opens a new browser instance to the optional ``url``.</doc>
<status status="PASS" start="2025-07-29T12:45:47.046906" elapsed="2.749105"/>
</kw>
<kw name="Click Button" owner="SeleniumLibrary">
<msg time="2025-07-29T12:45:49.798982" level="INFO">Clicking button 'css=button.btn.action-button.me-2'.</msg>
<arg>css=button.btn.action-button.me-2</arg>
<doc>Clicks the button identified by ``locator``.</doc>
<status status="PASS" start="2025-07-29T12:45:49.797520" elapsed="0.176343"/>
</kw>
<kw name="Input Text" owner="SeleniumLibrary">
<msg time="2025-07-29T12:45:49.974863" level="INFO">Typing text 'Olena' into text field 'name=name'.</msg>
<arg>name=name</arg>
<arg>${NAME}</arg>
<doc>Types the given ``text`` into the text field identified by ``locator``.</doc>
<status status="PASS" start="2025-07-29T12:45:49.974863" elapsed="0.148293"/>
</kw>
<kw name="Input Text" owner="SeleniumLibrary">
<msg time="2025-07-29T12:45:50.124161" level="INFO">Typing text 'olena@gmail.com' into text field 'name=email'.</msg>
<arg>name=email</arg>
<arg>olena@gmail.com</arg>
<doc>Types the given ``text`` into the text field identified by ``locator``.</doc>
<status status="PASS" start="2025-07-29T12:45:50.124161" elapsed="0.236269"/>
</kw>
<kw name="Select From List By Value" owner="SeleniumLibrary">
<msg time="2025-07-29T12:45:50.360987" level="INFO">Selecting options from selection list 'name=role' by value user.</msg>
<arg>name=role</arg>
<arg>user</arg>
<doc>Selects options from selection list ``locator`` by ``values``.</doc>
<status status="PASS" start="2025-07-29T12:45:50.360987" elapsed="0.126283"/>
</kw>
<kw name="Click Button" owner="SeleniumLibrary">
<msg time="2025-07-29T12:45:50.489305" level="INFO">Clicking button 'xpath=//button[@type="submit"]'.</msg>
<arg>${submit}</arg>
<doc>Clicks the button identified by ``locator``.</doc>
<status status="PASS" start="2025-07-29T12:45:50.488294" elapsed="0.204190"/>
</kw>
<kw name="Sleep" owner="BuiltIn">
<msg time="2025-07-29T12:45:52.697186" level="INFO">Slept 2 seconds.</msg>
<arg>2s</arg>
<doc>Pauses the test executed for the given time.</doc>
<status status="PASS" start="2025-07-29T12:45:50.694486" elapsed="2.002700"/>
</kw>
<kw name="Click Element" owner="SeleniumLibrary">
<msg time="2025-07-29T12:45:52.699376" level="INFO">Clicking element 'xpath=//tr[td[normalize-space(.)="Olena"]]//button[normalize-space(.)="✏️"]'.</msg>
<arg>xpath=//tr[td[normalize-space(.)="${NAME}"]]//button[normalize-space(.)="✏️"]</arg>
<doc>Click the element identified by ``locator``.</doc>
<status status="PASS" start="2025-07-29T12:45:52.698291" elapsed="0.232445"/>
</kw>
<kw name="Input Text" owner="SeleniumLibrary">
<msg time="2025-07-29T12:45:52.933586" level="INFO">Typing text 'OlenaChangedHerName' into text field 'name=name'.</msg>
<arg>name=name</arg>
<arg>${UPDATED_NAME}</arg>
<doc>Types the given ``text`` into the text field identified by ``locator``.</doc>
<status status="PASS" start="2025-07-29T12:45:52.932546" elapsed="0.239297"/>
</kw>
<kw name="Click Button" owner="SeleniumLibrary">
<msg time="2025-07-29T12:45:53.173354" level="INFO">Clicking button 'xpath=//button[normalize-space(.)="Upraviť"]'.</msg>
<arg>${EDIT_BTN_ID}</arg>
<doc>Clicks the button identified by ``locator``.</doc>
<status status="PASS" start="2025-07-29T12:45:53.173354" elapsed="0.148188"/>
</kw>
<kw name="Sleep" owner="BuiltIn">
<msg time="2025-07-29T12:45:55.322711" level="INFO">Slept 2 seconds.</msg>
<arg>2s</arg>
<doc>Pauses the test executed for the given time.</doc>
<status status="PASS" start="2025-07-29T12:45:53.321542" elapsed="2.001169"/>
</kw>
<kw name="Click Element" owner="SeleniumLibrary">
<msg time="2025-07-29T12:45:55.323802" level="INFO">Clicking element 'xpath=//tr[td[normalize-space(.)="OlenaChangedHerName"]]//a[normalize-space(.)="📋"]'.</msg>
<arg>xpath=//tr[td[normalize-space(.)="${UPDATED_NAME}"]]//a[normalize-space(.)="📋"]</arg>
<doc>Click the element identified by ``locator``.</doc>
<status status="PASS" start="2025-07-29T12:45:55.323241" elapsed="0.130571"/>
</kw>
<kw name="Wait Until Page Contains" owner="SeleniumLibrary">
<arg>Školenie (Java-Springboot)</arg>
<arg>timeout=10s</arg>
<doc>Waits until ``text`` appears on the current page.</doc>
<status status="PASS" start="2025-07-29T12:45:55.454566" elapsed="0.026289"/>
</kw>
<kw name="Click Element" owner="SeleniumLibrary">
<msg time="2025-07-29T12:45:55.481813" level="INFO">Clicking element 'xpath=//td//button[normalize-space(.)="➕"]'.</msg>
<arg>xpath=//td//button[normalize-space(.)="➕"]</arg>
<doc>Click the element identified by ``locator``.</doc>
<status status="PASS" start="2025-07-29T12:45:55.480855" elapsed="0.109864"/>
</kw>
<kw name="Input Text" owner="SeleniumLibrary">
<msg time="2025-07-29T12:45:55.590719" level="INFO">Typing text 'newParam' into text field 'name=name'.</msg>
<arg>name=name</arg>
<arg>${NEW_PARAMETER_NAME}</arg>
<doc>Types the given ``text`` into the text field identified by ``locator``.</doc>
<status status="PASS" start="2025-07-29T12:45:55.590719" elapsed="0.158103"/>
</kw>
<kw name="Input Text" owner="SeleniumLibrary">
<msg time="2025-07-29T12:45:55.749821" level="INFO">Typing text 'newParamValue' into text field 'name=email'.</msg>
<arg>name=email</arg>
<arg>${NEW_PARAMETER_VALUE}</arg>
<doc>Types the given ``text`` into the text field identified by ``locator``.</doc>
<status status="PASS" start="2025-07-29T12:45:55.749821" elapsed="0.158986"/>
</kw>
<kw name="Click Button" owner="SeleniumLibrary">
<msg time="2025-07-29T12:45:55.909800" level="INFO">Clicking button 'xpath=//button[@type="submit"]'.</msg>
<arg>${submit}</arg>
<doc>Clicks the button identified by ``locator``.</doc>
<status status="PASS" start="2025-07-29T12:45:55.908807" elapsed="0.130527"/>
</kw>
<kw name="Close Browser" owner="SeleniumLibrary">
<doc>Closes the current browser.</doc>
<status status="PASS" start="2025-07-29T12:45:56.040865" elapsed="2.455234"/>
</kw>
<status status="PASS" start="2025-07-29T12:45:47.045352" elapsed="11.451485"/>
</test>
<status status="PASS" start="2025-07-29T12:45:46.551676" elapsed="11.946267"/>
</suite>
<statistics>
<total>
<stat pass="1" fail="0" skip="0">All Tests</stat>
</total>
<tag>
</tag>
<suite>
<stat name="Test" id="s1" pass="1" fail="0" skip="0">Test</stat>
</suite>
</statistics>
<errors>
</errors>
</robot>
